<?xml version="1.0" encoding="UTF-8"?>
<!-- Generated by org.testng.reporters.JUnitReportReporter -->
<testsuite hostname="vibhav-VirtualBox" name="com.wc.BaseTest" tests="1" failures="0" timestamp="11 Sep 2018 16:09:54 GMT" time="42.687" errors="0">
  <testcase name="display" time="42.687" classname="com.wc.BaseTest"/>
</testsuite> <!-- com.wc.BaseTest -->
